2012-02-11 23:17:37,938 INFO  [dk.frv.enav.esd.ESD] Starting ESD version 0.1 Alpha
2012-02-11 23:17:37,939 INFO  [dk.frv.enav.esd.ESD] Copyright (C) 2012 Danish Maritime Safety Administration
2012-02-11 23:17:37,939 INFO  [dk.frv.enav.esd.ESD] This program comes with ABSOLUTELY NO WARRANTY.
2012-02-11 23:17:37,940 INFO  [dk.frv.enav.esd.ESD] This is free software, and you are welcome to redistribute it under certain conditions.
2012-02-11 23:17:37,940 INFO  [dk.frv.enav.esd.ESD] For details see LICENSE file.
2012-02-11 23:17:37,993 INFO  [dk.frv.enav.esd.ESD] Using settings file: settings.properties
2012-02-11 23:17:55,568 INFO  [dk.frv.enav.esd.ESD] Closing ESD
2012-02-11 23:17:58,261 INFO  [dk.frv.enav.esd.ESD] Starting ESD version 0.1 Alpha
2012-02-11 23:17:58,262 INFO  [dk.frv.enav.esd.ESD] Copyright (C) 2012 Danish Maritime Safety Administration
2012-02-11 23:17:58,262 INFO  [dk.frv.enav.esd.ESD] This program comes with ABSOLUTELY NO WARRANTY.
2012-02-11 23:17:58,262 INFO  [dk.frv.enav.esd.ESD] This is free software, and you are welcome to redistribute it under certain conditions.
2012-02-11 23:17:58,262 INFO  [dk.frv.enav.esd.ESD] For details see LICENSE file.
2012-02-11 23:17:58,280 INFO  [dk.frv.enav.esd.ESD] Using settings file: settings.properties
2012-02-11 23:18:28,709 INFO  [dk.frv.enav.esd.ESD] Closing ESD
2012-02-28 22:40:35,513 INFO  [dk.frv.enav.esd.ESD] Starting ESD version 0.1 Alpha
2012-02-28 22:40:35,522 INFO  [dk.frv.enav.esd.ESD] Copyright (C) 2012 Danish Maritime Safety Administration
2012-02-28 22:40:35,522 INFO  [dk.frv.enav.esd.ESD] This program comes with ABSOLUTELY NO WARRANTY.
2012-02-28 22:40:35,522 INFO  [dk.frv.enav.esd.ESD] This is free software, and you are welcome to redistribute it under certain conditions.
2012-02-28 22:40:35,522 INFO  [dk.frv.enav.esd.ESD] For details see LICENSE file.
2012-02-28 22:40:35,676 INFO  [dk.frv.enav.esd.ESD] Using settings file: settings.properties
2012-02-28 23:33:14,139 INFO  [dk.frv.enav.esd.ESD] Closing ESD
